2024-11-03 11:04:19,594 - INFO - Property alerts system starting...
2024-11-03 11:04:19,594 - INFO - Starting scheduled job...
2024-11-03 11:04:19,594 - INFO - Starting property scraper...
2024-11-03 11:04:24,030 - INFO - Property scraper completed successfully
2024-11-03 11:04:24,030 - INFO - Starting property sorter...
2024-11-03 11:04:25,881 - INFO - Property sorter completed successfully
2024-11-03 11:04:25,881 - INFO - Scheduled job completed
2024-11-03 11:10:08,634 - INFO - Property alerts system starting...
2024-11-03 11:10:08,635 - INFO - Starting scheduled job...
2024-11-03 11:10:08,639 - INFO - Starting property scraper...
2024-11-03 11:10:10,560 - INFO - Property scraper completed successfully
2024-11-03 11:10:10,560 - INFO - Starting property sorter...
2024-11-03 11:10:12,079 - INFO - Property sorter completed successfully
2024-11-03 11:10:12,079 - INFO - Scheduled job completed
2024-11-03 11:13:22,698 - INFO - Property alerts system starting...
2024-11-03 11:13:22,698 - INFO - Starting scheduled job...
2024-11-03 11:13:22,698 - INFO - Starting property scraper...
2024-11-03 11:13:24,847 - INFO - Property scraper completed successfully
2024-11-03 11:13:24,847 - INFO - Starting property sorter...
2024-11-03 11:13:26,576 - INFO - Property sorter completed successfully
2024-11-03 11:13:26,578 - INFO - Scheduled job completed
